<?xml version="1.0" encoding="UTF-8"?>
<!-- Generated by org.testng.reporters.JUnitReportReporter -->
<testsuite hostname="LP-5CD8184DJ1" failures="0" tests="1" name="CA_video.video" time="242.336" errors="0" timestamp="2022-03-23T11:11:13 IST" skipped="0">
  <testcase classname="CA_video.video" name="data" time="242.336"/>
  <system-out/>
</testsuite> <!-- CA_video.video -->
