<?xml version="1.0" encoding="UTF-8"?>
<!-- Generated by org.testng.reporters.JUnitReportReporter -->
<testsuite hostname="LP-5CD8184DJ1" failures="0" tests="1" name="CA_teamlist.video" time="245.902" errors="0" timestamp="2022-03-22T12:45:54 IST" skipped="0">
  <testcase classname="CA_teamlist.video" name="data" time="245.902"/>
  <system-out/>
</testsuite> <!-- CA_teamlist.video -->
