<?xml version="1.0" encoding="UTF-8"?>
<!-- Generated by org.testng.reporters.JUnitReportReporter -->
<testsuite hostname="LP-5CD8184DJ1" failures="0" tests="1" name="CA_teamlist.Fixtures_teams" time="721.722" errors="0" timestamp="2022-03-22T11:28:59 IST" skipped="0">
  <testcase classname="CA_teamlist.Fixtures_teams" name="data" time="721.722"/>
  <system-out/>
</testsuite> <!-- CA_teamlist.Fixtures_teams -->
