<?xml version="1.0" encoding="UTF-8"?>
<!-- Generated by org.testng.reporters.JUnitReportReporter -->
<testsuite hostname="LP-5CD8184DJ1" failures="0" tests="1" name="CA_fixtures.teams" time="728.339" errors="0" timestamp="2022-03-23T12:42:04 IST" skipped="0">
  <testcase classname="CA_fixtures.teams" name="data" time="728.339"/>
  <system-out/>
</testsuite> <!-- CA_fixtures.teams -->
