<?xml version="1.0" encoding="UTF-8"?>
<!-- Generated by org.testng.reporters.JUnitReportReporter -->
<testsuite hostname="LP-5CD8184DJ1" failures="0" tests="1" name="CA_teamlist.list_of_teams" time="770.829" errors="0" timestamp="2022-03-22T13:42:46 IST" skipped="0">
  <testcase classname="CA_teamlist.list_of_teams" name="data" time="770.829"/>
  <system-out/>
</testsuite> <!-- CA_teamlist.list_of_teams -->
